<?xml version="1.0" encoding="UTF-8"?>
<testsuite name="com.hipages.test.cucumber.HiPagesRunnerTestSuite" time="3.766" tests="27" errors="0" skipped="0" failures="0">
  <properties>
    <property name="java.runtime.name" value="Java(TM) SE Runtime Environment"/>
    <property name="cucumber.options" value="--tags @SMOKE"/>
    <property name="sun.boot.library.path" value="/Library/Java/JavaVirtualMachines/jdk1.8.0_144.jdk/Contents/Home/jre/lib"/>
    <property name="java.vm.version" value="25.144-b01"/>
    <property name="gopherProxySet" value="false"/>
    <property name="java.vm.vendor" value="Oracle Corporation"/>
    <property name="maven.multiModuleProjectDirectory" value="/Users/anuradha.channappa/Desktop/HiPagesProj"/>
    <property name="java.vendor.url" value="http://java.oracle.com/"/>
    <property name="path.separator" value=":"/>
    <property name="guice.disable.misplaced.annotation.check" value="true"/>
    <property name="java.vm.name" value="Java HotSpot(TM) 64-Bit Server VM"/>
    <property name="file.encoding.pkg" value="sun.io"/>
    <property name="user.country" value="AU"/>
    <property name="sun.java.launcher" value="SUN_STANDARD"/>
    <property name="sun.os.patch.level" value="unknown"/>
    <property name="java.vm.specification.name" value="Java Virtual Machine Specification"/>
    <property name="user.dir" value="/Users/anuradha.channappa/Desktop/HiPagesProj"/>
    <property name="java.runtime.version" value="1.8.0_144-b01"/>
    <property name="java.awt.graphicsenv" value="sun.awt.CGraphicsEnvironment"/>
    <property name="java.endorsed.dirs" value="/Library/Java/JavaVirtualMachines/jdk1.8.0_144.jdk/Contents/Home/jre/lib/endorsed"/>
    <property name="os.arch" value="x86_64"/>
    <property name="java.io.tmpdir" value="/var/folders/7j/vbgtkd3935xdgks4tc5rzmk80000gn/T/"/>
    <property name="line.separator" value="&#10;"/>
    <property name="java.vm.specification.vendor" value="Oracle Corporation"/>
    <property name="os.name" value="Mac OS X"/>
    <property name="classworlds.conf" value="/Users/anuradha.channappa/Documents/CURRENT/SC-NEW/.metadata/.plugins/org.eclipse.m2e.launching/launches/m2conf8921083732871790484.tmp"/>
    <property name="sun.jnu.encoding" value="UTF-8"/>
    <property name="java.library.path" value="/Users/anuradha.channappa/Library/Java/Extensions:/Library/Java/Extensions:/Network/Library/Java/Extensions:/System/Library/Java/Extensions:/usr/lib/java:."/>
    <property name="java.specification.name" value="Java Platform API Specification"/>
    <property name="java.class.version" value="52.0"/>
    <property name="sun.management.compiler" value="HotSpot 64-Bit Tiered Compilers"/>
    <property name="os.version" value="10.12.6"/>
    <property name="user.home" value="/Users/anuradha.channappa"/>
    <property name="user.timezone" value="Australia/Sydney"/>
    <property name="java.awt.printerjob" value="sun.lwawt.macosx.CPrinterJob"/>
    <property name="java.specification.version" value="1.8"/>
    <property name="file.encoding" value="UTF-8"/>
    <property name="user.name" value="anuradha.channappa"/>
    <property name="java.class.path" value="/Users/anuradha.channappa/.p2/pool/plugins/org.eclipse.m2e.maven.runtime_1.8.2.20171007-0216/jars/plexus-classworlds-2.5.2.jar"/>
    <property name="java.vm.specification.version" value="1.8"/>
    <property name="sun.arch.data.model" value="64"/>
    <property name="java.home" value="/Library/Java/JavaVirtualMachines/jdk1.8.0_144.jdk/Contents/Home/jre"/>
    <property name="sun.java.command" value="org.codehaus.plexus.classworlds.launcher.Launcher -B clean install -Dcucumber.options=--tags @SMOKE -DBrowser=Chrome"/>
    <property name="java.specification.vendor" value="Oracle Corporation"/>
    <property name="user.language" value="en"/>
    <property name="awt.toolkit" value="sun.lwawt.macosx.LWCToolkit"/>
    <property name="java.vm.info" value="mixed mode"/>
    <property name="java.version" value="1.8.0_144"/>
    <property name="java.ext.dirs" value="/Users/anuradha.channappa/Library/Java/Extensions:/Library/Java/JavaVirtualMachines/jdk1.8.0_144.jdk/Contents/Home/jre/lib/ext:/Library/Java/Extensions:/Network/Library/Java/Extensions:/System/Library/Java/Extensions:/usr/lib/java"/>
    <property name="sun.boot.class.path" value="/Library/Java/JavaVirtualMachines/jdk1.8.0_144.jdk/Contents/Home/jre/lib/resources.jar:/Library/Java/JavaVirtualMachines/jdk1.8.0_144.jdk/Contents/Home/jre/lib/rt.jar:/Library/Java/JavaVirtualMachines/jdk1.8.0_144.jdk/Contents/Home/jre/lib/sunrsasign.jar:/Library/Java/JavaVirtualMachines/jdk1.8.0_144.jdk/Contents/Home/jre/lib/jsse.jar:/Library/Java/JavaVirtualMachines/jdk1.8.0_144.jdk/Contents/Home/jre/lib/jce.jar:/Library/Java/JavaVirtualMachines/jdk1.8.0_144.jdk/Contents/Home/jre/lib/charsets.jar:/Library/Java/JavaVirtualMachines/jdk1.8.0_144.jdk/Contents/Home/jre/lib/jfr.jar:/Library/Java/JavaVirtualMachines/jdk1.8.0_144.jdk/Contents/Home/jre/classes"/>
    <property name="java.vendor" value="Oracle Corporation"/>
    <property name="maven.home" value="/Users/anuradha.channappa/Desktop/HiPagesProj/EMBEDDED"/>
    <property name="file.separator" value="/"/>
    <property name="java.vendor.url.bug" value="http://bugreport.sun.com/bugreport/"/>
    <property name="sun.cpu.endian" value="little"/>
    <property name="sun.io.unicode.encoding" value="UnicodeBig"/>
    <property name="Browser" value="Chrome"/>
    <property name="sun.cpu.isalist" value=""/>
  </properties>
  <testcase name="Given the user is on Google search page" classname="Scenario: Test google search field" time="0.001"/>
  <testcase name="When the user enters text &quot;hipages&quot;" classname="Scenario: Test google search field" time="0"/>
  <testcase name="Then verify the search result" classname="Scenario: Test google search field" time="0"/>
  <testcase name="Scenario: Test google search field" classname="Scenario: Test google search field" time="2.295"/>
  <testcase name="Given the user is on Google search page" classname="Scenario: Test google voice search mouse over" time="0"/>
  <testcase name="When the user mouse over voice search" classname="Scenario: Test google voice search mouse over" time="0"/>
  <testcase name="Then Verify the mouse over text" classname="Scenario: Test google voice search mouse over" time="0.001"/>
  <testcase name="Scenario: Test google voice search mouse over" classname="Scenario: Test google voice search mouse over" time="0.212"/>
  <testcase name="Given the user is on Google search page" classname="Scenario: Test google serach buttons" time="0"/>
  <testcase name="Given the user is on Google search page" classname="Scenario: Test google serach buttons" time="0"/>
  <testcase name="Then verify google search buttons" classname="Scenario: Test google serach buttons" time="0"/>
  <testcase name="Scenario: Test google serach buttons" classname="Scenario: Test google serach buttons" time="0.286"/>
  <testcase name="Scenario: Test google serach buttons" classname="Scenario: Test google serach buttons" time="0.181"/>
  <testcase name="Then verify google header buttons" classname="Scenario: Test google serach buttons" time="0"/>
  <testcase name="When I send a GET request to the twitter endpoint,then I must get back a valid status code &quot;200&quot;" classname="Scenario: Check if the twitter search endpoint works" time="0"/>
  <testcase name="Scenario: Check if the twitter search endpoint works" classname="Scenario: Check if the twitter search endpoint works" time="0.227"/>
  <testcase name="When I search for 2 tweets containing @hipages" classname="| @hipages | 2 |" time="0"/>
  <testcase name="Then I verify that the tweets are listed" classname="| @hipages | 2 |" time="0"/>
  <testcase name="| @hipages | 2 |" classname="| @hipages | 2 |" time="0.147"/>
  <testcase name="When I search for 2 tweets containing #hipages" classname="| #hipages | 2 |" time="0"/>
  <testcase name="Then I verify that the tweets are listed" classname="| #hipages | 2 |" time="0"/>
  <testcase name="| #hipages | 2 |" classname="| #hipages | 2 |" time="0.161"/>
  <testcase name="When I search for 2 tweets containing hipges" classname="| hipges | 2 |" time="0"/>
  <testcase name="Then I verify that the tweets are listed" classname="| hipges | 2 |" time="0"/>
  <testcase name="| hipges | 2 |" classname="| hipges | 2 |" time="0.227"/>
  <testcase name="When I send a GET request to the twitter endpoint,then I must get back a valid status code &quot;200&quot;" classname="Scenario: Check if the twitter timeline endpoint works" time="0"/>
  <testcase name="Scenario: Check if the twitter timeline endpoint works" classname="Scenario: Check if the twitter timeline endpoint works" time="0.209"/>
</testsuite>